Build started 3/23/2012 2:48:28 AM.
     1>Project "C:\Users\Evan\Documents\Classes\CSE 380\CSE380_Spring2012_Projects\SimpleSideScrollerFramework\SimpleSideScrollerFramework.vcxproj" on node 2 (build target(s)).
     1>InitializeBuildStatus:
         Creating "C:\Users\Evan\Documents\Classes\CSE 380\CSE380_Spring2012_Projects\Temp\SimpleSideScrollerFramework\Debug\SimpleSideScrollerFramework.unsuccessfulbuild" because "AlwaysCreate" was specified.
       ClCompile:
         All outputs are up-to-date.
         c:\Program Files (x86)\Microsoft Visual Studio 10.0\VC\bin\CL.exe /c /I"C:\Users\Evan\Documents\Classes\CSE 380\CSE380_Spring2012_Projects\SimpleSideScrollerFramework\\" /ZI /nologo /W3 /WX- /Od /Oy- /D WIN32 /D _DEBUG /D _LIB /D _UNICODE /D UNICODE /Gm /EHsc /RTC1 /MDd /GS /fp:precise /Zc:wchar_t /Zc:forScope /Yu"StdAfx.h" /Fp"C:\Users\Evan\Documents\Classes\CSE 380\CSE380_Spring2012_Projects\Temp\SimpleSideScrollerFramework\Debug\SimpleSideScrollerFramework.pch" /Fo"C:\Users\Evan\Documents\Classes\CSE 380\CSE380_Spring2012_Projects\Temp\SimpleSideScrollerFramework\Debug\\" /Fd"C:\Users\Evan\Documents\Classes\CSE 380\CSE380_Spring2012_Projects\Temp\SimpleSideScrollerFramework\Debug\vc100.pdb" /Gd /TP /analyze- /errorReport:prompt SSSF_SourceCode\gsm\physics\Physics.cpp
         Physics.cpp
     1>c:\users\evan\documents\classes\cse 380\cse380_spring2012_projects\simplesidescrollerframework\sssf_sourcecode\gsm\physics\physics.cpp(139): warning C4390: ';' : empty controlled statement found; is this the intent?
     1>c:\users\evan\documents\classes\cse 380\cse380_spring2012_projects\simplesidescrollerframework\sssf_sourcecode\gsm\physics\physics.cpp(184): warning C4805: '==' : unsafe mix of type 'boolean' and type 'bool' in operation
     1>c:\users\evan\documents\classes\cse 380\cse380_spring2012_projects\simplesidescrollerframework\sssf_sourcecode\gsm\physics\physics.cpp(213): warning C4805: '==' : unsafe mix of type 'boolean' and type 'bool' in operation
     1>c:\users\evan\documents\classes\cse 380\cse380_spring2012_projects\simplesidescrollerframework\sssf_sourcecode\gsm\physics\physics.cpp(318): warning C4244: 'initializing' : conversion from 'float' to 'int', possible loss of data
     1>c:\users\evan\documents\classes\cse 380\cse380_spring2012_projects\simplesidescrollerframework\sssf_sourcecode\gsm\physics\physics.cpp(319): warning C4244: 'initializing' : conversion from 'float' to 'int', possible loss of data
     1>c:\users\evan\documents\classes\cse 380\cse380_spring2012_projects\simplesidescrollerframework\sssf_sourcecode\gsm\physics\physics.cpp(320): warning C4244: 'initializing' : conversion from 'float' to 'int', possible loss of data
     1>c:\users\evan\documents\classes\cse 380\cse380_spring2012_projects\simplesidescrollerframework\sssf_sourcecode\gsm\physics\physics.cpp(321): warning C4244: 'initializing' : conversion from 'float' to 'int', possible loss of data
     1>c:\users\evan\documents\classes\cse 380\cse380_spring2012_projects\simplesidescrollerframework\sssf_sourcecode\gsm\physics\physics.cpp(344): warning C4244: 'argument' : conversion from 'int' to 'float', possible loss of data
     1>c:\users\evan\documents\classes\cse 380\cse380_spring2012_projects\simplesidescrollerframework\sssf_sourcecode\gsm\physics\physics.cpp(345): warning C4244: 'argument' : conversion from 'int' to 'float', possible loss of data
     1>c:\users\evan\documents\classes\cse 380\cse380_spring2012_projects\simplesidescrollerframework\sssf_sourcecode\gsm\physics\physics.cpp(346): warning C4244: 'argument' : conversion from 'int' to 'float', possible loss of data
     1>c:\users\evan\documents\classes\cse 380\cse380_spring2012_projects\simplesidescrollerframework\sssf_sourcecode\gsm\physics\physics.cpp(347): warning C4244: 'argument' : conversion from 'int' to 'float', possible loss of data
     1>c:\users\evan\documents\classes\cse 380\cse380_spring2012_projects\simplesidescrollerframework\sssf_sourcecode\gsm\physics\physics.cpp(349): warning C4244: 'argument' : conversion from 'int' to 'float', possible loss of data
     1>c:\users\evan\documents\classes\cse 380\cse380_spring2012_projects\simplesidescrollerframework\sssf_sourcecode\gsm\physics\physics.cpp(349): warning C4244: 'argument' : conversion from 'int' to 'float', possible loss of data
     1>c:\users\evan\documents\classes\cse 380\cse380_spring2012_projects\simplesidescrollerframework\sssf_sourcecode\gsm\physics\physics.cpp(480): warning C4244: 'argument' : conversion from 'double' to 'float', possible loss of data
     1>c:\users\evan\documents\classes\cse 380\cse380_spring2012_projects\simplesidescrollerframework\sssf_sourcecode\gsm\physics\physics.cpp(494): warning C4244: 'argument' : conversion from 'double' to 'float', possible loss of data
     1>c:\users\evan\documents\classes\cse 380\cse380_spring2012_projects\simplesidescrollerframework\sssf_sourcecode\gsm\physics\physics.cpp(512): warning C4244: 'argument' : conversion from 'double' to 'float', possible loss of data
     1>c:\users\evan\documents\classes\cse 380\cse380_spring2012_projects\simplesidescrollerframework\sssf_sourcecode\gsm\physics\physics.cpp(514): warning C4244: 'argument' : conversion from 'double' to 'float', possible loss of data
       Lib:
         c:\Program Files (x86)\Microsoft Visual Studio 10.0\VC\bin\Lib.exe /OUT:"C:\Users\Evan\Documents\Classes\CSE 380\CSE380_Spring2012_Projects\Common\SimpleSideScrollerFramework.lib" /NOLOGO "C:\Users\Evan\Documents\Classes\CSE 380\CSE380_Spring2012_Projects\Temp\SimpleSideScrollerFramework\Debug\GameDataLoader.obj"
         "C:\Users\Evan\Documents\Classes\CSE 380\CSE380_Spring2012_Projects\Temp\SimpleSideScrollerFramework\Debug\Game.obj"
         "C:\Users\Evan\Documents\Classes\CSE 380\CSE380_Spring2012_Projects\Temp\SimpleSideScrollerFramework\Debug\WStringTable.obj"
         "C:\Users\Evan\Documents\Classes\CSE 380\CSE380_Spring2012_Projects\Temp\SimpleSideScrollerFramework\Debug\GameGraphics.obj"
         "C:\Users\Evan\Documents\Classes\CSE 380\CSE380_Spring2012_Projects\Temp\SimpleSideScrollerFramework\Debug\RenderList.obj"
         "C:\Users\Evan\Documents\Classes\CSE 380\CSE380_Spring2012_Projects\Temp\SimpleSideScrollerFramework\Debug\TextureManager.obj"
         "C:\Users\Evan\Documents\Classes\CSE 380\CSE380_Spring2012_Projects\Temp\SimpleSideScrollerFramework\Debug\BotRecycler.obj"
         "C:\Users\Evan\Documents\Classes\CSE 380\CSE380_Spring2012_Projects\Temp\SimpleSideScrollerFramework\Debug\RandomFloatingBot.obj"
         "C:\Users\Evan\Documents\Classes\CSE 380\CSE380_Spring2012_Projects\Temp\SimpleSideScrollerFramework\Debug\SimplePatternBot.obj"
         "C:\Users\Evan\Documents\Classes\CSE 380\CSE380_Spring2012_Projects\Temp\SimpleSideScrollerFramework\Debug\SimpleTrackingBot.obj"
         "C:\Users\Evan\Documents\Classes\CSE 380\CSE380_Spring2012_Projects\Temp\SimpleSideScrollerFramework\Debug\Collision.obj"
         "C:\Users\Evan\Documents\Classes\CSE 380\CSE380_Spring2012_Projects\Temp\SimpleSideScrollerFramework\Debug\Physics.obj"
         "C:\Users\Evan\Documents\Classes\CSE 380\CSE380_Spring2012_Projects\Temp\SimpleSideScrollerFramework\Debug\AnimatedSprite.obj"
         "C:\Users\Evan\Documents\Classes\CSE 380\CSE380_Spring2012_Projects\Temp\SimpleSideScrollerFramework\Debug\AnimatedSpriteType.obj"
         "C:\Users\Evan\Documents\Classes\CSE 380\CSE380_Spring2012_Projects\Temp\SimpleSideScrollerFramework\Debug\SpriteManager.obj"
         "C:\Users\Evan\Documents\Classes\CSE 380\CSE380_Spring2012_Projects\Temp\SimpleSideScrollerFramework\Debug\GameStateManager.obj"
         "C:\Users\Evan\Documents\Classes\CSE 380\CSE380_Spring2012_Projects\Temp\SimpleSideScrollerFramework\Debug\SparseLayer.obj"
         "C:\Users\Evan\Documents\Classes\CSE 380\CSE380_Spring2012_Projects\Temp\SimpleSideScrollerFramework\Debug\TiledLayer.obj"
         "C:\Users\Evan\Documents\Classes\CSE 380\CSE380_Spring2012_Projects\Temp\SimpleSideScrollerFramework\Debug\World.obj"
         "C:\Users\Evan\Documents\Classes\CSE 380\CSE380_Spring2012_Projects\Temp\SimpleSideScrollerFramework\Debug\Button.obj"
         "C:\Users\Evan\Documents\Classes\CSE 380\CSE380_Spring2012_Projects\Temp\SimpleSideScrollerFramework\Debug\Cursor.obj"
         "C:\Users\Evan\Documents\Classes\CSE 380\CSE380_Spring2012_Projects\Temp\SimpleSideScrollerFramework\Debug\GameGUI.obj"
         "C:\Users\Evan\Documents\Classes\CSE 380\CSE380_Spring2012_Projects\Temp\SimpleSideScrollerFramework\Debug\ScreenGUI.obj"
         "C:\Users\Evan\Documents\Classes\CSE 380\CSE380_Spring2012_Projects\Temp\SimpleSideScrollerFramework\Debug\Viewport.obj"
         "C:\Users\Evan\Documents\Classes\CSE 380\CSE380_Spring2012_Projects\Temp\SimpleSideScrollerFramework\Debug\GameInput.obj"
         "C:\Users\Evan\Documents\Classes\CSE 380\CSE380_Spring2012_Projects\Temp\SimpleSideScrollerFramework\Debug\DirectXGraphics.obj"
         "C:\Users\Evan\Documents\Classes\CSE 380\CSE380_Spring2012_Projects\Temp\SimpleSideScrollerFramework\Debug\DirectXTextureManager.obj"
         "C:\Users\Evan\Documents\Classes\CSE 380\CSE380_Spring2012_Projects\Temp\SimpleSideScrollerFramework\Debug\WindowsInput.obj"
         "C:\Users\Evan\Documents\Classes\CSE 380\CSE380_Spring2012_Projects\Temp\SimpleSideScrollerFramework\Debug\WindowsOS.obj"
         "C:\Users\Evan\Documents\Classes\CSE 380\CSE380_Spring2012_Projects\Temp\SimpleSideScrollerFramework\Debug\WindowsTimer.obj"
         "C:\Users\Evan\Documents\Classes\CSE 380\CSE380_Spring2012_Projects\Temp\SimpleSideScrollerFramework\Debug\BufferedTextFileReader.obj"
         "C:\Users\Evan\Documents\Classes\CSE 380\CSE380_Spring2012_Projects\Temp\SimpleSideScrollerFramework\Debug\GameText.obj"
         "C:\Users\Evan\Documents\Classes\CSE 380\CSE380_Spring2012_Projects\Temp\SimpleSideScrollerFramework\Debug\TextFileWriter.obj"
         "C:\Users\Evan\Documents\Classes\CSE 380\CSE380_Spring2012_Projects\Temp\SimpleSideScrollerFramework\Debug\stdafx.obj"
         SimpleSideScrollerFramework.vcxproj -> C:\Users\Evan\Documents\Classes\CSE 380\CSE380_Spring2012_Projects\Common\SimpleSideScrollerFramework.lib
       FinalizeBuildStatus:
         Deleting file "C:\Users\Evan\Documents\Classes\CSE 380\CSE380_Spring2012_Projects\Temp\SimpleSideScrollerFramework\Debug\SimpleSideScrollerFramework.unsuccessfulbuild".
         Touching "C:\Users\Evan\Documents\Classes\CSE 380\CSE380_Spring2012_Projects\Temp\SimpleSideScrollerFramework\Debug\SimpleSideScrollerFramework.lastbuildstate".
     1>Done Building Project "C:\Users\Evan\Documents\Classes\CSE 380\CSE380_Spring2012_Projects\SimpleSideScrollerFramework\SimpleSideScrollerFramework.vcxproj" (build target(s)).

Build succeeded.

Time Elapsed 00:00:01.88
