C:\USERS\EVAN\DOCUMENTS\CLASSES\CSE 380\CSE380_SPRING2012_PROJECTS\TEMP\SIMPLESIDESCROLLERFRAMEWORK\DEBUG\ANIMATEDSPRITETYPE.OBJ
C:\USERS\EVAN\DOCUMENTS\CLASSES\CSE 380\CSE380_SPRING2012_PROJECTS\TEMP\SIMPLESIDESCROLLERFRAMEWORK\DEBUG\BUFFEREDTEXTFILEREADER.OBJ
C:\USERS\EVAN\DOCUMENTS\CLASSES\CSE 380\CSE380_SPRING2012_PROJECTS\TEMP\SIMPLESIDESCROLLERFRAMEWORK\DEBUG\BUTTON.OBJ
C:\Users\Evan\Documents\Classes\CSE 380\CSE380_Spring2012_Projects\Temp\SimpleSideScrollerFramework\Debug\cl.command.1.tlog
C:\Users\Evan\Documents\Classes\CSE 380\CSE380_Spring2012_Projects\Temp\SimpleSideScrollerFramework\Debug\CL.read.1.tlog
C:\Users\Evan\Documents\Classes\CSE 380\CSE380_Spring2012_Projects\Temp\SimpleSideScrollerFramework\Debug\CL.write.1.tlog
C:\USERS\EVAN\DOCUMENTS\CLASSES\CSE 380\CSE380_SPRING2012_PROJECTS\TEMP\SIMPLESIDESCROLLERFRAMEWORK\DEBUG\CURSOR.OBJ
C:\USERS\EVAN\DOCUMENTS\CLASSES\CSE 380\CSE380_SPRING2012_PROJECTS\TEMP\SIMPLESIDESCROLLERFRAMEWORK\DEBUG\DIRECTXGRAPHICS.OBJ
C:\USERS\EVAN\DOCUMENTS\CLASSES\CSE 380\CSE380_SPRING2012_PROJECTS\TEMP\SIMPLESIDESCROLLERFRAMEWORK\DEBUG\DIRECTXTEXTUREMANAGER.OBJ
C:\USERS\EVAN\DOCUMENTS\CLASSES\CSE 380\CSE380_SPRING2012_PROJECTS\TEMP\SIMPLESIDESCROLLERFRAMEWORK\DEBUG\GAME.OBJ
C:\USERS\EVAN\DOCUMENTS\CLASSES\CSE 380\CSE380_SPRING2012_PROJECTS\TEMP\SIMPLESIDESCROLLERFRAMEWORK\DEBUG\GAMEDATALOADER.OBJ
C:\USERS\EVAN\DOCUMENTS\CLASSES\CSE 380\CSE380_SPRING2012_PROJECTS\TEMP\SIMPLESIDESCROLLERFRAMEWORK\DEBUG\GAMEGRAPHICS.OBJ
C:\USERS\EVAN\DOCUMENTS\CLASSES\CSE 380\CSE380_SPRING2012_PROJECTS\TEMP\SIMPLESIDESCROLLERFRAMEWORK\DEBUG\GAMEGUI.OBJ
C:\USERS\EVAN\DOCUMENTS\CLASSES\CSE 380\CSE380_SPRING2012_PROJECTS\TEMP\SIMPLESIDESCROLLERFRAMEWORK\DEBUG\GAMEINPUT.OBJ
C:\USERS\EVAN\DOCUMENTS\CLASSES\CSE 380\CSE380_SPRING2012_PROJECTS\TEMP\SIMPLESIDESCROLLERFRAMEWORK\DEBUG\GAMESTATEMANAGER.OBJ
C:\USERS\EVAN\DOCUMENTS\CLASSES\CSE 380\CSE380_SPRING2012_PROJECTS\TEMP\SIMPLESIDESCROLLERFRAMEWORK\DEBUG\GAMETEXT.OBJ
C:\USERS\EVAN\DOCUMENTS\CLASSES\CSE 380\CSE380_SPRING2012_PROJECTS\TEMP\SIMPLESIDESCROLLERFRAMEWORK\DEBUG\RENDERLIST.OBJ
C:\USERS\EVAN\DOCUMENTS\CLASSES\CSE 380\CSE380_SPRING2012_PROJECTS\TEMP\SIMPLESIDESCROLLERFRAMEWORK\DEBUG\SCREENGUI.OBJ
C:\USERS\EVAN\DOCUMENTS\CLASSES\CSE 380\CSE380_SPRING2012_PROJECTS\TEMP\SIMPLESIDESCROLLERFRAMEWORK\DEBUG\SIMPLESIDESCROLLERFRAMEWORK.PCH
C:\USERS\EVAN\DOCUMENTS\CLASSES\CSE 380\CSE380_SPRING2012_PROJECTS\TEMP\SIMPLESIDESCROLLERFRAMEWORK\DEBUG\SPARSELAYER.OBJ
C:\USERS\EVAN\DOCUMENTS\CLASSES\CSE 380\CSE380_SPRING2012_PROJECTS\TEMP\SIMPLESIDESCROLLERFRAMEWORK\DEBUG\STDAFX.OBJ
C:\USERS\EVAN\DOCUMENTS\CLASSES\CSE 380\CSE380_SPRING2012_PROJECTS\TEMP\SIMPLESIDESCROLLERFRAMEWORK\DEBUG\TEXTFILEWRITER.OBJ
C:\USERS\EVAN\DOCUMENTS\CLASSES\CSE 380\CSE380_SPRING2012_PROJECTS\TEMP\SIMPLESIDESCROLLERFRAMEWORK\DEBUG\TEXTUREMANAGER.OBJ
C:\USERS\EVAN\DOCUMENTS\CLASSES\CSE 380\CSE380_SPRING2012_PROJECTS\TEMP\SIMPLESIDESCROLLERFRAMEWORK\DEBUG\TILEDLAYER.OBJ
C:\Users\Evan\Documents\Classes\CSE 380\CSE380_Spring2012_Projects\Temp\SimpleSideScrollerFramework\Debug\vc100.idb
C:\USERS\EVAN\DOCUMENTS\CLASSES\CSE 380\CSE380_SPRING2012_PROJECTS\TEMP\SIMPLESIDESCROLLERFRAMEWORK\DEBUG\VC100.PDB
C:\USERS\EVAN\DOCUMENTS\CLASSES\CSE 380\CSE380_SPRING2012_PROJECTS\TEMP\SIMPLESIDESCROLLERFRAMEWORK\DEBUG\VIEWPORT.OBJ
C:\USERS\EVAN\DOCUMENTS\CLASSES\CSE 380\CSE380_SPRING2012_PROJECTS\TEMP\SIMPLESIDESCROLLERFRAMEWORK\DEBUG\WINDOWSINPUT.OBJ
C:\USERS\EVAN\DOCUMENTS\CLASSES\CSE 380\CSE380_SPRING2012_PROJECTS\TEMP\SIMPLESIDESCROLLERFRAMEWORK\DEBUG\WINDOWSOS.OBJ
C:\USERS\EVAN\DOCUMENTS\CLASSES\CSE 380\CSE380_SPRING2012_PROJECTS\TEMP\SIMPLESIDESCROLLERFRAMEWORK\DEBUG\WINDOWSTIMER.OBJ
C:\USERS\EVAN\DOCUMENTS\CLASSES\CSE 380\CSE380_SPRING2012_PROJECTS\TEMP\SIMPLESIDESCROLLERFRAMEWORK\DEBUG\WORLD.OBJ
C:\USERS\EVAN\DOCUMENTS\CLASSES\CSE 380\CSE380_SPRING2012_PROJECTS\TEMP\SIMPLESIDESCROLLERFRAMEWORK\DEBUG\WSTRINGTABLE.OBJ
