Build started 3/5/2012 12:11:31 AM.
     1>Project "C:\Users\Evan\Documents\Classes\CSE 380\CSE380_Spring2012_Projects\StoryOfSaft\StoryOfSaft.vcxproj" on node 2 (build target(s)).
     1>InitializeBuildStatus:
         Touching "C:\Users\Evan\Documents\Classes\CSE 380\CSE380_Spring2012_Projects\Temp\StoryOfSaft\Debug\StoryOfSaft.unsuccessfulbuild".
       ClCompile:
         c:\Program Files (x86)\Microsoft Visual Studio 10.0\VC\bin\CL.exe /c /ZI /nologo /W3 /WX- /Od /Oy- /D WIN32 /D _DEBUG /D _CONSOLE /D _UNICODE /D UNICODE /Gm /EHsc /RTC1 /MDd /GS /fp:precise /Zc:wchar_t /Zc:forScope /Fo"C:\Users\Evan\Documents\Classes\CSE 380\CSE380_Spring2012_Projects\Temp\StoryOfSaft\Debug\\" /Fd"C:\Users\Evan\Documents\Classes\CSE 380\CSE380_Spring2012_Projects\Temp\StoryOfSaft\Debug\vc100.pdb" /Gd /TP /analyze- /errorReport:prompt SoS_SourceCode\SoSDataLoader.cpp
         SoSDataLoader.cpp
     1>c:\users\evan\documents\classes\cse 380\cse380_spring2012_projects\storyofsaft\sos_sourcecode\sosdataloader.cpp(466): warning C4244: 'argument' : conversion from 'int' to 'float', possible loss of data
     1>c:\users\evan\documents\classes\cse 380\cse380_spring2012_projects\storyofsaft\sos_sourcecode\sosdataloader.cpp(467): warning C4244: 'argument' : conversion from 'int' to 'float', possible loss of data
     1>c:\users\evan\documents\classes\cse 380\cse380_spring2012_projects\storyofsaft\sos_sourcecode\sosdataloader.cpp(543): warning C4244: 'argument' : conversion from 'int' to 'float', possible loss of data
     1>c:\users\evan\documents\classes\cse 380\cse380_spring2012_projects\storyofsaft\sos_sourcecode\sosdataloader.cpp(544): warning C4244: 'argument' : conversion from 'int' to 'float', possible loss of data
     1>c:\users\evan\documents\classes\cse 380\cse380_spring2012_projects\storyofsaft\sos_sourcecode\sosdataloader.cpp(929): warning C4244: 'argument' : conversion from 'int' to 'float', possible loss of data
     1>c:\users\evan\documents\classes\cse 380\cse380_spring2012_projects\storyofsaft\sos_sourcecode\sosdataloader.cpp(930): warning C4244: 'argument' : conversion from 'int' to 'float', possible loss of data
       ResourceCompile:
         All outputs are up-to-date.
       ManifestResourceCompile:
         All outputs are up-to-date.
       Link:
         c:\Program Files (x86)\Microsoft Visual Studio 10.0\VC\bin\link.exe /ERRORREPORT:PROMPT /OUT:"C:\Users\Evan\Documents\Classes\CSE 380\CSE380_Spring2012_Projects\Apps\StoryOfSaft\StoryOfSaft.exe" /INCREMENTAL /NOLOGO SimpleSideScrollerFramework.lib winmm.lib d3d9.lib d3dx9.lib kernel32.lib user32.lib gdi32.lib winspool.lib comdlg32.lib advapi32.lib shell32.lib ole32.lib oleaut32.lib uuid.lib odbc32.lib odbccp32.lib /MANIFEST /ManifestFile:"C:\Users\Evan\Documents\Classes\CSE 380\CSE380_Spring2012_Projects\Temp\StoryOfSaft\Debug\StoryOfSaft.exe.intermediate.manifest" /MANIFESTUAC:"level='asInvoker' uiAccess='false'" /DEBUG /PDB:"C:\Users\Evan\Documents\Classes\CSE 380\CSE380_Spring2012_Projects\Apps\StoryOfSaft\StoryOfSaft.pdb" /SUBSYSTEM:WINDOWS /TLBID:1 /DYNAMICBASE /NXCOMPAT /IMPLIB:"C:\Users\Evan\Documents\Classes\CSE 380\CSE380_Spring2012_Projects\Apps\StoryOfSaft\StoryOfSaft.lib" /MACHINE:X86 "C:\Users\Evan\Documents\Classes\CSE 380\CSE380_Spring2012_Projects\Temp\StoryOfSaft\Debug\StoryOfSaft.res"
         "C:\Users\Evan\Documents\Classes\CSE 380\CSE380_Spring2012_Projects\Temp\StoryOfSaft\Debug\StoryOfSaft.exe.embed.manifest.res"
         "C:\Users\Evan\Documents\Classes\CSE 380\CSE380_Spring2012_Projects\Temp\StoryOfSaft\Debug\SoSButtonEventHandler.obj"
         "C:\Users\Evan\Documents\Classes\CSE 380\CSE380_Spring2012_Projects\Temp\StoryOfSaft\Debug\SoSDataLoader.obj"
         "C:\Users\Evan\Documents\Classes\CSE 380\CSE380_Spring2012_Projects\Temp\StoryOfSaft\Debug\SoSGame.obj"
         "C:\Users\Evan\Documents\Classes\CSE 380\CSE380_Spring2012_Projects\Temp\StoryOfSaft\Debug\SoSKeyEventHandler.obj"
         "C:\Users\Evan\Documents\Classes\CSE 380\CSE380_Spring2012_Projects\Temp\StoryOfSaft\Debug\SoSTextGenerator.obj"
       Manifest:
         C:\Program Files (x86)\Microsoft SDKs\Windows\v7.0A\bin\mt.exe /nologo /verbose /out:"C:\Users\Evan\Documents\Classes\CSE 380\CSE380_Spring2012_Projects\Temp\StoryOfSaft\Debug\StoryOfSaft.exe.embed.manifest" /manifest "C:\Users\Evan\Documents\Classes\CSE 380\CSE380_Spring2012_Projects\Temp\StoryOfSaft\Debug\StoryOfSaft.exe.intermediate.manifest"
         All outputs are up-to-date.
       LinkEmbedManifest:
         All outputs are up-to-date.
         StoryOfSaft.vcxproj -> C:\Users\Evan\Documents\Classes\CSE 380\CSE380_Spring2012_Projects\Apps\StoryOfSaft\StoryOfSaft.exe
       FinalizeBuildStatus:
         Deleting file "C:\Users\Evan\Documents\Classes\CSE 380\CSE380_Spring2012_Projects\Temp\StoryOfSaft\Debug\StoryOfSaft.unsuccessfulbuild".
         Touching "C:\Users\Evan\Documents\Classes\CSE 380\CSE380_Spring2012_Projects\Temp\StoryOfSaft\Debug\StoryOfSaft.lastbuildstate".
     1>Done Building Project "C:\Users\Evan\Documents\Classes\CSE 380\CSE380_Spring2012_Projects\StoryOfSaft\StoryOfSaft.vcxproj" (build target(s)).

Build succeeded.

Time Elapsed 00:00:06.72
